{"/Users/hhorta/Dev/recipes/src/api/MedicalRegistry.ts": {"path":"/Users/hhorta/Dev/recipes/src/api/MedicalRegistry.ts","statementMap":{"0":{"start":{"line":4,"column":66},"end":{"line":19,"column":null}},"1":{"start":{"line":21,"column":31},"end":{"line":64,"column":null}},"2":{"start":{"line":23,"column":8},"end":{"line":23,"column":null}},"3":{"start":{"line":25,"column":8},"end":{"line":56,"column":null}},"4":{"start":{"line":28,"column":35},"end":{"line":28,"column":null}},"5":{"start":{"line":30,"column":35},"end":{"line":30,"column":75}},"6":{"start":{"line":32,"column":12},"end":{"line":34,"column":null}},"7":{"start":{"line":33,"column":16},"end":{"line":33,"column":null}},"8":{"start":{"line":34,"column":16},"end":{"line":34,"column":null}},"9":{"start":{"line":37,"column":12},"end":{"line":37,"column":null}},"10":{"start":{"line":40,"column":12},"end":{"line":40,"column":null}},"11":{"start":{"line":40,"column":41},"end":{"line":40,"column":65}},"12":{"start":{"line":42,"column":36},"end":{"line":42,"column":67}},"13":{"start":{"line":44,"column":12},"end":{"line":49,"column":null}},"14":{"start":{"line":51,"column":12},"end":{"line":51,"column":null}},"15":{"start":{"line":52,"column":12},"end":{"line":52,"column":null}},"16":{"start":{"line":54,"column":12},"end":{"line":54,"column":null}},"17":{"start":{"line":55,"column":27},"end":{"line":55,"column":67}},"18":{"start":{"line":56,"column":12},"end":{"line":56,"column":null}},"19":{"start":{"line":61,"column":23},"end":{"line":61,"column":63}},"20":{"start":{"line":62,"column":8},"end":{"line":62,"column":null}}},"fnMap":{"0":{"name":"(anonymous_0)","decl":{"start":{"line":22,"column":10},"end":{"line":22,"column":60}},"loc":{"start":{"line":22,"column":60},"end":{"line":56,"column":null}},"line":22},"1":{"name":"(anonymous_1)","decl":{"start":{"line":40,"column":22},"end":{"line":40,"column":30}},"loc":{"start":{"line":40,"column":41},"end":{"line":40,"column":65}},"line":40},"2":{"name":"(anonymous_2)","decl":{"start":{"line":60,"column":10},"end":{"line":60,"column":65}},"loc":{"start":{"line":60,"column":65},"end":{"line":62,"column":null}},"line":60}},"branchMap":{"0":{"loc":{"start":{"line":32,"column":12},"end":{"line":34,"column":null}},"type":"if","locations":[{"start":{"line":32,"column":12},"end":{"line":34,"column":null}},{"start":{},"end":{}}],"line":32},"1":{"loc":{"start":{"line":32,"column":16},"end":{"line":32,"column":77}},"type":"binary-expr","locations":[{"start":{"line":32,"column":16},"end":{"line":32,"column":34}},{"start":{"line":32,"column":34},"end":{"line":32,"column":77}}],"line":32},"2":{"loc":{"start":{"line":56,"column":19},"end":{"line":56,"column":null}},"type":"binary-expr","locations":[{"start":{"line":56,"column":19},"end":{"line":56,"column":35}},{"start":{"line":56,"column":35},"end":{"line":56,"column":null}}],"line":56},"3":{"loc":{"start":{"line":62,"column":15},"end":{"line":62,"column":null}},"type":"binary-expr","locations":[{"start":{"line":62,"column":15},"end":{"line":62,"column":31}},{"start":{"line":62,"column":31},"end":{"line":62,"column":null}}],"line":62}},"s":{"0":2,"1":2,"2":3,"3":3,"4":3,"5":3,"6":3,"7":1,"8":1,"9":2,"10":2,"11":2,"12":1,"13":1,"14":1,"15":1,"16":1,"17":1,"18":1,"19":2,"20":2},"f":{"0":3,"1":2,"2":2},"b":{"0":[1,2],"1":[3,2],"2":[1,0],"3":[2,1]},"meta":{"lastBranch":4,"lastFunction":3,"lastStatement":21,"seen":{"s:4:66:19:Infinity":0,"s:21:31:64:Infinity":1,"f:22:10:22:60":0,"s:23:8:23:Infinity":2,"s:25:8:56:Infinity":3,"s:28:35:28:Infinity":4,"s:30:35:30:75":5,"b:32:12:34:Infinity:undefined:undefined:undefined:undefined":0,"s:32:12:34:Infinity":6,"b:32:16:32:34:32:34:32:77":1,"s:33:16:33:Infinity":7,"s:34:16:34:Infinity":8,"s:37:12:37:Infinity":9,"s:40:12:40:Infinity":10,"f:40:22:40:30":1,"s:40:41:40:65":11,"s:42:36:42:67":12,"s:44:12:49:Infinity":13,"s:51:12:51:Infinity":14,"s:52:12:52:Infinity":15,"s:54:12:54:Infinity":16,"s:55:27:55:67":17,"s:56:12:56:Infinity":18,"b:56:19:56:35:56:35:56:Infinity":2,"f:60:10:60:65":2,"s:61:23:61:63":19,"s:62:8:62:Infinity":20,"b:62:15:62:31:62:31:62:Infinity":3}}}
,"/Users/hhorta/Dev/recipes/src/api/SecurityScrubber.ts": {"path":"/Users/hhorta/Dev/recipes/src/api/SecurityScrubber.ts","statementMap":{"0":{"start":{"line":5,"column":48},"end":{"line":5,"column":null}},"1":{"start":{"line":7,"column":32},"end":{"line":63,"column":null}},"2":{"start":{"line":12,"column":8},"end":{"line":12,"column":null}},"3":{"start":{"line":13,"column":8},"end":{"line":13,"column":null}},"4":{"start":{"line":17,"column":35},"end":{"line":17,"column":37}},"5":{"start":{"line":20,"column":31},"end":{"line":25,"column":41}},"6":{"start":{"line":21,"column":60},"end":{"line":21,"column":67}},"7":{"start":{"line":23,"column":16},"end":{"line":23,"column":105}},"8":{"start":{"line":23,"column":51},"end":{"line":23,"column":98}},"9":{"start":{"line":23,"column":85},"end":{"line":23,"column":92}},"10":{"start":{"line":25,"column":22},"end":{"line":25,"column":40}},"11":{"start":{"line":27,"column":30},"end":{"line":31,"column":null}},"12":{"start":{"line":33,"column":58},"end":{"line":33,"column":null}},"13":{"start":{"line":36,"column":8},"end":{"line":48,"column":null}},"14":{"start":{"line":37,"column":31},"end":{"line":37,"column":75}},"15":{"start":{"line":39,"column":12},"end":{"line":48,"column":null}},"16":{"start":{"line":40,"column":16},"end":{"line":48,"column":null}},"17":{"start":{"line":40,"column":47},"end":{"line":40,"column":70}},"18":{"start":{"line":41,"column":20},"end":{"line":41,"column":null}},"19":{"start":{"line":44,"column":37},"end":{"line":44,"column":null}},"20":{"start":{"line":45,"column":20},"end":{"line":48,"column":null}},"21":{"start":{"line":46,"column":24},"end":{"line":46,"column":null}},"22":{"start":{"line":47,"column":31},"end":{"line":48,"column":null}},"23":{"start":{"line":48,"column":24},"end":{"line":48,"column":null}},"24":{"start":{"line":54,"column":8},"end":{"line":61,"column":null}}},"fnMap":{"0":{"name":"(anonymous_0)","decl":{"start":{"line":11,"column":10},"end":{"line":11,"column":23}},"loc":{"start":{"line":11,"column":23},"end":{"line":13,"column":null}},"line":11},"1":{"name":"(anonymous_1)","decl":{"start":{"line":16,"column":4},"end":{"line":16,"column":12}},"loc":{"start":{"line":16,"column":50},"end":{"line":61,"column":null}},"line":16},"2":{"name":"(anonymous_2)","decl":{"start":{"line":21,"column":44},"end":{"line":21,"column":49}},"loc":{"start":{"line":21,"column":60},"end":{"line":21,"column":67}},"line":21},"3":{"name":"(anonymous_3)","decl":{"start":{"line":22,"column":45},"end":{"line":22,"column":54}},"loc":{"start":{"line":23,"column":16},"end":{"line":23,"column":105}},"line":23},"4":{"name":"(anonymous_4)","decl":{"start":{"line":23,"column":28},"end":{"line":23,"column":37}},"loc":{"start":{"line":23,"column":51},"end":{"line":23,"column":98}},"line":23},"5":{"name":"(anonymous_5)","decl":{"start":{"line":23,"column":69},"end":{"line":23,"column":74}},"loc":{"start":{"line":23,"column":85},"end":{"line":23,"column":92}},"line":23},"6":{"name":"(anonymous_6)","decl":{"start":{"line":25,"column":10},"end":{"line":25,"column":14}},"loc":{"start":{"line":25,"column":22},"end":{"line":25,"column":40}},"line":25},"7":{"name":"(anonymous_7)","decl":{"start":{"line":40,"column":35},"end":{"line":40,"column":40}},"loc":{"start":{"line":40,"column":47},"end":{"line":40,"column":70}},"line":40}},"branchMap":{"0":{"loc":{"start":{"line":21,"column":16},"end":{"line":21,"column":73}},"type":"binary-expr","locations":[{"start":{"line":21,"column":16},"end":{"line":21,"column":67}},{"start":{"line":21,"column":71},"end":{"line":21,"column":73}}],"line":21},"1":{"loc":{"start":{"line":22,"column":16},"end":{"line":24,"column":19}},"type":"binary-expr","locations":[{"start":{"line":22,"column":16},"end":{"line":23,"column":null}},{"start":{"line":24,"column":17},"end":{"line":24,"column":19}}],"line":22},"2":{"loc":{"start":{"line":23,"column":16},"end":{"line":23,"column":105}},"type":"binary-expr","locations":[{"start":{"line":23,"column":16},"end":{"line":23,"column":99}},{"start":{"line":23,"column":103},"end":{"line":23,"column":105}}],"line":23},"3":{"loc":{"start":{"line":23,"column":51},"end":{"line":23,"column":98}},"type":"binary-expr","locations":[{"start":{"line":23,"column":51},"end":{"line":23,"column":92}},{"start":{"line":23,"column":96},"end":{"line":23,"column":98}}],"line":23},"4":{"loc":{"start":{"line":30,"column":16},"end":{"line":30,"column":null}},"type":"cond-expr","locations":[{"start":{"line":30,"column":54},"end":{"line":30,"column":62}},{"start":{"line":30,"column":65},"end":{"line":30,"column":null}}],"line":30},"5":{"loc":{"start":{"line":37,"column":44},"end":{"line":37,"column":73}},"type":"binary-expr","locations":[{"start":{"line":37,"column":44},"end":{"line":37,"column":71}},{"start":{"line":37,"column":71},"end":{"line":37,"column":73}}],"line":37},"6":{"loc":{"start":{"line":40,"column":16},"end":{"line":48,"column":null}},"type":"if","locations":[{"start":{"line":40,"column":16},"end":{"line":48,"column":null}},{"start":{},"end":{}}],"line":40},"7":{"loc":{"start":{"line":45,"column":20},"end":{"line":48,"column":null}},"type":"if","locations":[{"start":{"line":45,"column":20},"end":{"line":48,"column":null}},{"start":{"line":47,"column":31},"end":{"line":48,"column":null}}],"line":45},"8":{"loc":{"start":{"line":45,"column":24},"end":{"line":45,"column":78}},"type":"binary-expr","locations":[{"start":{"line":45,"column":24},"end":{"line":45,"column":55}},{"start":{"line":45,"column":55},"end":{"line":45,"column":78}}],"line":45},"9":{"loc":{"start":{"line":47,"column":31},"end":{"line":48,"column":null}},"type":"if","locations":[{"start":{"line":47,"column":31},"end":{"line":48,"column":null}},{"start":{},"end":{}}],"line":47}},"s":{"0":1,"1":1,"2":5,"3":5,"4":5,"5":5,"6":10,"7":5,"8":5,"9":4,"10":14,"11":5,"12":5,"13":5,"14":14,"15":14,"16":47,"17":121,"18":6,"19":6,"20":6,"21":2,"22":4,"23":4,"24":5},"f":{"0":5,"1":5,"2":10,"3":5,"4":5,"5":4,"6":14,"7":121},"b":{"0":[5,0],"1":[5,0],"2":[5,0],"3":[5,0],"4":[4,1],"5":[14,0],"6":[6,41],"7":[2,4],"8":[6,4],"9":[4,0]},"meta":{"lastBranch":10,"lastFunction":8,"lastStatement":25,"seen":{"s:5:48:5:Infinity":0,"s:7:32:63:Infinity":1,"f:11:10:11:23":0,"s:12:8:12:Infinity":2,"s:13:8:13:Infinity":3,"f:16:4:16:12":1,"s:17:35:17:37":4,"s:20:31:25:41":5,"b:21:16:21:67:21:71:21:73":0,"f:21:44:21:49":2,"s:21:60:21:67":6,"b:22:16:23:Infinity:24:17:24:19":1,"f:22:45:22:54":3,"s:23:16:23:105":7,"b:23:16:23:99:23:103:23:105":2,"f:23:28:23:37":4,"s:23:51:23:98":8,"b:23:51:23:92:23:96:23:98":3,"f:23:69:23:74":5,"s:23:85:23:92":9,"f:25:10:25:14":6,"s:25:22:25:40":10,"s:27:30:31:Infinity":11,"b:30:54:30:62:30:65:30:Infinity":4,"s:33:58:33:Infinity":12,"s:36:8:48:Infinity":13,"s:37:31:37:75":14,"b:37:44:37:71:37:71:37:73":5,"s:39:12:48:Infinity":15,"b:40:16:48:Infinity:undefined:undefined:undefined:undefined":6,"s:40:16:48:Infinity":16,"f:40:35:40:40":7,"s:40:47:40:70":17,"s:41:20:41:Infinity":18,"s:44:37:44:Infinity":19,"b:45:20:48:Infinity:47:31:48:Infinity":7,"s:45:20:48:Infinity":20,"b:45:24:45:55:45:55:45:78":8,"s:46:24:46:Infinity":21,"b:47:31:48:Infinity:undefined:undefined:undefined:undefined":9,"s:47:31:48:Infinity":22,"s:48:24:48:Infinity":23,"s:54:8:61:Infinity":24}}}
,"/Users/hhorta/Dev/recipes/src/db/db.ts": {"path":"/Users/hhorta/Dev/recipes/src/db/db.ts","statementMap":{"0":{"start":{"line":26,"column":4},"end":{"line":26,"column":null}},"1":{"start":{"line":27,"column":4},"end":{"line":31,"column":null}},"2":{"start":{"line":33,"column":4},"end":{"line":35,"column":null}},"3":{"start":{"line":39,"column":18},"end":{"line":39,"column":30}},"4":{"start":{"line":42,"column":6},"end":{"line":43,"column":null}},"5":{"start":{"line":43,"column":2},"end":{"line":43,"column":null}},"6":{"start":{"line":46,"column":22},"end":{"line":91,"column":null}},"7":{"start":{"line":48,"column":21},"end":{"line":48,"column":72}},"8":{"start":{"line":49,"column":4},"end":{"line":50,"column":null}},"9":{"start":{"line":50,"column":6},"end":{"line":50,"column":null}},"10":{"start":{"line":53,"column":33},"end":{"line":64,"column":null}},"11":{"start":{"line":66,"column":15},"end":{"line":66,"column":42}},"12":{"start":{"line":67,"column":4},"end":{"line":67,"column":null}},"13":{"start":{"line":71,"column":17},"end":{"line":71,"column":68}},"14":{"start":{"line":72,"column":4},"end":{"line":73,"column":null}},"15":{"start":{"line":73,"column":6},"end":{"line":73,"column":null}},"16":{"start":{"line":75,"column":4},"end":{"line":76,"column":null}},"17":{"start":{"line":76,"column":6},"end":{"line":76,"column":null}},"18":{"start":{"line":78,"column":4},"end":{"line":78,"column":null}},"19":{"start":{"line":85,"column":4},"end":{"line":85,"column":null}},"20":{"start":{"line":89,"column":4},"end":{"line":89,"column":null}}},"fnMap":{"0":{"name":"(anonymous_0)","decl":{"start":{"line":25,"column":2},"end":{"line":25,"column":16}},"loc":{"start":{"line":25,"column":16},"end":{"line":35,"column":null}},"line":25},"1":{"name":"(anonymous_1)","decl":{"start":{"line":42,"column":6},"end":{"line":42,"column":22}},"loc":{"start":{"line":42,"column":51},"end":{"line":43,"column":null}},"line":42},"2":{"name":"(anonymous_2)","decl":{"start":{"line":47,"column":8},"end":{"line":47,"column":17}},"loc":{"start":{"line":47,"column":93},"end":{"line":67,"column":null}},"line":47},"3":{"name":"(anonymous_3)","decl":{"start":{"line":70,"column":8},"end":{"line":70,"column":14}},"loc":{"start":{"line":70,"column":69},"end":{"line":78,"column":null}},"line":70},"4":{"name":"(anonymous_4)","decl":{"start":{"line":81,"column":8},"end":{"line":81,"column":null}},"loc":{"start":{"line":84,"column":19},"end":{"line":85,"column":null}},"line":84},"5":{"name":"(anonymous_5)","decl":{"start":{"line":88,"column":8},"end":{"line":88,"column":16}},"loc":{"start":{"line":88,"column":66},"end":{"line":89,"column":null}},"line":88}},"branchMap":{"0":{"loc":{"start":{"line":49,"column":4},"end":{"line":50,"column":null}},"type":"if","locations":[{"start":{"line":49,"column":4},"end":{"line":50,"column":null}},{"start":{},"end":{}}],"line":49},"1":{"loc":{"start":{"line":72,"column":4},"end":{"line":73,"column":null}},"type":"if","locations":[{"start":{"line":72,"column":4},"end":{"line":73,"column":null}},{"start":{},"end":{}}],"line":72},"2":{"loc":{"start":{"line":75,"column":4},"end":{"line":76,"column":null}},"type":"if","locations":[{"start":{"line":75,"column":4},"end":{"line":76,"column":null}},{"start":{},"end":{}}],"line":75}},"s":{"0":1,"1":1,"2":1,"3":1,"4":1,"5":0,"6":1,"7":0,"8":0,"9":0,"10":0,"11":0,"12":0,"13":0,"14":0,"15":0,"16":0,"17":0,"18":0,"19":0,"20":0},"f":{"0":1,"1":0,"2":0,"3":0,"4":0,"5":0},"b":{"0":[0,0],"1":[0,0],"2":[0,0]},"meta":{"lastBranch":3,"lastFunction":6,"lastStatement":21,"seen":{"f:25:2:25:16":0,"s:26:4:26:Infinity":0,"s:27:4:31:Infinity":1,"s:33:4:35:Infinity":2,"s:39:18:39:30":3,"s:42:6:43:Infinity":4,"f:42:6:42:22":1,"s:43:2:43:Infinity":5,"s:46:22:91:Infinity":6,"f:47:8:47:17":2,"s:48:21:48:72":7,"b:49:4:50:Infinity:undefined:undefined:undefined:undefined":0,"s:49:4:50:Infinity":8,"s:50:6:50:Infinity":9,"s:53:33:64:Infinity":10,"s:66:15:66:42":11,"s:67:4:67:Infinity":12,"f:70:8:70:14":3,"s:71:17:71:68":13,"b:72:4:73:Infinity:undefined:undefined:undefined:undefined":1,"s:72:4:73:Infinity":14,"s:73:6:73:Infinity":15,"b:75:4:76:Infinity:undefined:undefined:undefined:undefined":2,"s:75:4:76:Infinity":16,"s:76:6:76:Infinity":17,"s:78:4:78:Infinity":18,"f:81:8:81:Infinity":4,"s:85:4:85:Infinity":19,"f:88:8:88:16":5,"s:89:4:89:Infinity":20}}}
,"/Users/hhorta/Dev/recipes/src/security/SecureVault.ts": {"path":"/Users/hhorta/Dev/recipes/src/security/SecureVault.ts","statementMap":{"0":{"start":{"line":5,"column":18},"end":{"line":5,"column":null}},"1":{"start":{"line":14,"column":27},"end":{"line":53,"column":null}},"2":{"start":{"line":16,"column":8},"end":{"line":22,"column":null}},"3":{"start":{"line":17,"column":28},"end":{"line":17,"column":51}},"4":{"start":{"line":19,"column":31},"end":{"line":19,"column":82}},"5":{"start":{"line":20,"column":12},"end":{"line":20,"column":null}},"6":{"start":{"line":22,"column":12},"end":{"line":22,"column":null}},"7":{"start":{"line":27,"column":8},"end":{"line":40,"column":null}},"8":{"start":{"line":28,"column":31},"end":{"line":28,"column":72}},"9":{"start":{"line":29,"column":12},"end":{"line":29,"column":null}},"10":{"start":{"line":29,"column":29},"end":{"line":29,"column":null}},"11":{"start":{"line":32,"column":26},"end":{"line":32,"column":69}},"12":{"start":{"line":33,"column":34},"end":{"line":33,"column":67}},"13":{"start":{"line":35,"column":12},"end":{"line":35,"column":null}},"14":{"start":{"line":35,"column":32},"end":{"line":35,"column":null}},"15":{"start":{"line":37,"column":12},"end":{"line":37,"column":null}},"16":{"start":{"line":39,"column":12},"end":{"line":39,"column":null}},"17":{"start":{"line":40,"column":12},"end":{"line":40,"column":null}},"18":{"start":{"line":46,"column":8},"end":{"line":51,"column":null}}},"fnMap":{"0":{"name":"(anonymous_0)","decl":{"start":{"line":15,"column":4},"end":{"line":15,"column":18}},"loc":{"start":{"line":15,"column":52},"end":{"line":22,"column":null}},"line":15},"1":{"name":"(anonymous_1)","decl":{"start":{"line":26,"column":4},"end":{"line":26,"column":46}},"loc":{"start":{"line":26,"column":46},"end":{"line":40,"column":null}},"line":26},"2":{"name":"(anonymous_2)","decl":{"start":{"line":45,"column":4},"end":{"line":45,"column":22}},"loc":{"start":{"line":45,"column":67},"end":{"line":51,"column":null}},"line":45}},"branchMap":{"0":{"loc":{"start":{"line":5,"column":18},"end":{"line":5,"column":null}},"type":"binary-expr","locations":[{"start":{"line":5,"column":18},"end":{"line":5,"column":52}},{"start":{"line":5,"column":52},"end":{"line":5,"column":null}}],"line":5},"1":{"loc":{"start":{"line":29,"column":12},"end":{"line":29,"column":null}},"type":"if","locations":[{"start":{"line":29,"column":12},"end":{"line":29,"column":null}},{"start":{},"end":{}}],"line":29},"2":{"loc":{"start":{"line":35,"column":12},"end":{"line":35,"column":null}},"type":"if","locations":[{"start":{"line":35,"column":12},"end":{"line":35,"column":null}},{"start":{},"end":{}}],"line":35},"3":{"loc":{"start":{"line":48,"column":26},"end":{"line":48,"column":56}},"type":"binary-expr","locations":[{"start":{"line":48,"column":26},"end":{"line":48,"column":54}},{"start":{"line":48,"column":54},"end":{"line":48,"column":56}}],"line":48},"4":{"loc":{"start":{"line":49,"column":24},"end":{"line":49,"column":52}},"type":"binary-expr","locations":[{"start":{"line":49,"column":24},"end":{"line":49,"column":50}},{"start":{"line":49,"column":50},"end":{"line":49,"column":52}}],"line":49},"5":{"loc":{"start":{"line":50,"column":24},"end":{"line":50,"column":null}},"type":"binary-expr","locations":[{"start":{"line":50,"column":24},"end":{"line":50,"column":50}},{"start":{"line":50,"column":50},"end":{"line":50,"column":null}}],"line":50}},"s":{"0":1,"1":1,"2":2,"3":2,"4":2,"5":2,"6":0,"7":3,"8":3,"9":3,"10":1,"11":2,"12":2,"13":2,"14":2,"15":1,"16":1,"17":1,"18":1},"f":{"0":2,"1":3,"2":1},"b":{"0":[1,1],"1":[1,2],"2":[1,1],"3":[1,0],"4":[1,0],"5":[1,0]},"meta":{"lastBranch":6,"lastFunction":3,"lastStatement":19,"seen":{"s:5:18:5:Infinity":0,"b:5:18:5:52:5:52:5:Infinity":0,"s:14:27:53:Infinity":1,"f:15:4:15:18":0,"s:16:8:22:Infinity":2,"s:17:28:17:51":3,"s:19:31:19:82":4,"s:20:12:20:Infinity":5,"s:22:12:22:Infinity":6,"f:26:4:26:46":1,"s:27:8:40:Infinity":7,"s:28:31:28:72":8,"b:29:12:29:Infinity:undefined:undefined:undefined:undefined":1,"s:29:12:29:Infinity":9,"s:29:29:29:Infinity":10,"s:32:26:32:69":11,"s:33:34:33:67":12,"b:35:12:35:Infinity:undefined:undefined:undefined:undefined":2,"s:35:12:35:Infinity":13,"s:35:32:35:Infinity":14,"s:37:12:37:Infinity":15,"s:39:12:39:Infinity":16,"s:40:12:40:Infinity":17,"f:45:4:45:22":2,"s:46:8:51:Infinity":18,"b:48:26:48:54:48:54:48:56":3,"b:49:24:49:50:49:50:49:52":4,"b:50:24:50:50:50:50:50:Infinity":5}}}
}
