<?xml version="1.0" encoding="UTF-8"?>
<coverage generated="1773967788040" clover="3.2.0">
  <project timestamp="1773967788040" name="All files">
    <metrics statements="25" coveredstatements="24" conditionals="44" coveredconditionals="36" methods="8" coveredmethods="8" elements="77" coveredelements="68" complexity="0" loc="25" ncloc="25" packages="1" files="1" classes="1"/>
    <file name="RecipeProvider.js" path="/Users/hhorta/Dev/recipes/backend/services/RecipeProvider.js">
      <metrics statements="25" coveredstatements="24" conditionals="44" coveredconditionals="36" methods="8" coveredmethods="8"/>
      <line num="3" count="4" type="stmt"/>
      <line num="5" count="4" type="stmt"/>
      <line num="15" count="4" type="stmt"/>
      <line num="16" count="4" type="stmt"/>
      <line num="18" count="4" type="stmt"/>
      <line num="19" count="4" type="stmt"/>
      <line num="26" count="4" type="cond" truecount="2" falsecount="0"/>
      <line num="27" count="1" type="stmt"/>
      <line num="30" count="3" type="stmt"/>
      <line num="31" count="3" type="cond" truecount="1" falsecount="1"/>
      <line num="33" count="1" type="stmt"/>
      <line num="34" count="1" type="stmt"/>
      <line num="39" count="3" type="stmt"/>
      <line num="41" count="2" type="stmt"/>
      <line num="43" count="2" type="cond" truecount="2" falsecount="0"/>
      <line num="44" count="1" type="stmt"/>
      <line num="45" count="2" type="cond" truecount="2" falsecount="2"/>
      <line num="49" count="2" type="cond" truecount="2" falsecount="0"/>
      <line num="50" count="1" type="stmt"/>
      <line num="51" count="1" type="stmt"/>
      <line num="52" count="2" type="stmt"/>
      <line num="53" count="2" type="cond" truecount="3" falsecount="1"/>
      <line num="54" count="0" type="cond" truecount="0" falsecount="2"/>
      <line num="61" count="2" type="stmt"/>
      <line num="68" count="2" type="cond" truecount="4" falsecount="0"/>
    </file>
  </project>
</coverage>
