{"/Users/hhorta/Dev/recipes/backend/services/RecipeProvider.js": {"path":"/Users/hhorta/Dev/recipes/backend/services/RecipeProvider.js","statementMap":{"0":{"start":{"line":3,"column":56},"end":{"line":3,"column":62}},"1":{"start":{"line":5,"column":24},"end":{"line":13,"column":6}},"2":{"start":{"line":15,"column":32},"end":{"line":15,"column":69}},"3":{"start":{"line":16,"column":16},"end":{"line":16,"column":80}},"4":{"start":{"line":18,"column":4},"end":{"line":35,"column":null}},"5":{"start":{"line":19,"column":18},"end":{"line":24,"column":8}},"6":{"start":{"line":26,"column":6},"end":{"line":28,"column":null}},"7":{"start":{"line":27,"column":8},"end":{"line":27,"column":null}},"8":{"start":{"line":30,"column":19},"end":{"line":30,"column":35}},"9":{"start":{"line":31,"column":6},"end":{"line":31,"column":null}},"10":{"start":{"line":33,"column":6},"end":{"line":33,"column":null}},"11":{"start":{"line":34,"column":6},"end":{"line":34,"column":null}},"12":{"start":{"line":39,"column":4},"end":{"line":72,"column":null}},"13":{"start":{"line":41,"column":28},"end":{"line":41,"column":37}},"14":{"start":{"line":43,"column":6},"end":{"line":47,"column":null}},"15":{"start":{"line":44,"column":8},"end":{"line":46,"column":null}},"16":{"start":{"line":45,"column":11},"end":{"line":45,"column":null}},"17":{"start":{"line":45,"column":23},"end":{"line":45,"column":null}},"18":{"start":{"line":49,"column":6},"end":{"line":59,"column":null}},"19":{"start":{"line":50,"column":9},"end":{"line":58,"column":null}},"20":{"start":{"line":51,"column":12},"end":{"line":57,"column":null}},"21":{"start":{"line":52,"column":15},"end":{"line":56,"column":null}},"22":{"start":{"line":53,"column":18},"end":{"line":55,"column":null}},"23":{"start":{"line":54,"column":21},"end":{"line":54,"column":null}},"24":{"start":{"line":61,"column":6},"end":{"line":71,"column":null}},"25":{"start":{"line":68,"column":66},"end":{"line":68,"column":72}}},"fnMap":{"0":{"name":"(anonymous_0)","decl":{"start":{"line":2,"column":15},"end":{"line":2,"column":25}},"loc":{"start":{"line":2,"column":34},"end":{"line":36,"column":null}},"line":2},"1":{"name":"(anonymous_1)","decl":{"start":{"line":38,"column":9},"end":{"line":38,"column":25}},"loc":{"start":{"line":38,"column":35},"end":{"line":73,"column":null}},"line":38},"2":{"name":"(anonymous_2)","decl":{"start":{"line":39,"column":23},"end":{"line":39,"column":24}},"loc":{"start":{"line":39,"column":28},"end":{"line":72,"column":5}},"line":39},"3":{"name":"(anonymous_3)","decl":{"start":{"line":44,"column":38},"end":{"line":44,"column":39}},"loc":{"start":{"line":44,"column":43},"end":{"line":46,"column":9}},"line":44},"4":{"name":"(anonymous_4)","decl":{"start":{"line":50,"column":40},"end":{"line":50,"column":44}},"loc":{"start":{"line":50,"column":48},"end":{"line":58,"column":10}},"line":50},"5":{"name":"(anonymous_5)","decl":{"start":{"line":51,"column":32},"end":{"line":51,"column":36}},"loc":{"start":{"line":51,"column":40},"end":{"line":57,"column":13}},"line":51},"6":{"name":"(anonymous_6)","decl":{"start":{"line":52,"column":41},"end":{"line":52,"column":42}},"loc":{"start":{"line":52,"column":46},"end":{"line":56,"column":16}},"line":52},"7":{"name":"(anonymous_7)","decl":{"start":{"line":68,"column":61},"end":{"line":68,"column":62}},"loc":{"start":{"line":68,"column":66},"end":{"line":68,"column":72}},"line":68}},"branchMap":{"0":{"loc":{"start":{"line":6,"column":13},"end":{"line":6,"column":24}},"type":"binary-expr","locations":[{"start":{"line":6,"column":13},"end":{"line":6,"column":18}},{"start":{"line":6,"column":22},"end":{"line":6,"column":24}}],"line":6},"1":{"loc":{"start":{"line":7,"column":26},"end":{"line":7,"column":50}},"type":"binary-expr","locations":[{"start":{"line":7,"column":26},"end":{"line":7,"column":44}},{"start":{"line":7,"column":48},"end":{"line":7,"column":50}}],"line":7},"2":{"loc":{"start":{"line":8,"column":12},"end":{"line":8,"column":22}},"type":"binary-expr","locations":[{"start":{"line":8,"column":12},"end":{"line":8,"column":16}},{"start":{"line":8,"column":20},"end":{"line":8,"column":22}}],"line":8},"3":{"loc":{"start":{"line":9,"column":14},"end":{"line":9,"column":47}},"type":"binary-expr","locations":[{"start":{"line":9,"column":14},"end":{"line":9,"column":41}},{"start":{"line":9,"column":45},"end":{"line":9,"column":47}}],"line":9},"4":{"loc":{"start":{"line":12,"column":14},"end":{"line":12,"column":null}},"type":"binary-expr","locations":[{"start":{"line":12,"column":14},"end":{"line":12,"column":20}},{"start":{"line":12,"column":24},"end":{"line":12,"column":null}}],"line":12},"5":{"loc":{"start":{"line":26,"column":6},"end":{"line":28,"column":null}},"type":"if","locations":[{"start":{"line":26,"column":6},"end":{"line":28,"column":null}},{"start":{},"end":{}}],"line":26},"6":{"loc":{"start":{"line":31,"column":35},"end":{"line":31,"column":53}},"type":"binary-expr","locations":[{"start":{"line":31,"column":35},"end":{"line":31,"column":47}},{"start":{"line":31,"column":51},"end":{"line":31,"column":53}}],"line":31},"7":{"loc":{"start":{"line":43,"column":6},"end":{"line":47,"column":null}},"type":"if","locations":[{"start":{"line":43,"column":6},"end":{"line":47,"column":null}},{"start":{},"end":{}}],"line":43},"8":{"loc":{"start":{"line":45,"column":11},"end":{"line":45,"column":null}},"type":"if","locations":[{"start":{"line":45,"column":11},"end":{"line":45,"column":null}},{"start":{},"end":{}}],"line":45},"9":{"loc":{"start":{"line":45,"column":70},"end":{"line":45,"column":91}},"type":"binary-expr","locations":[{"start":{"line":45,"column":70},"end":{"line":45,"column":74}},{"start":{"line":45,"column":78},"end":{"line":45,"column":91}}],"line":45},"10":{"loc":{"start":{"line":49,"column":6},"end":{"line":59,"column":null}},"type":"if","locations":[{"start":{"line":49,"column":6},"end":{"line":59,"column":null}},{"start":{},"end":{}}],"line":49},"11":{"loc":{"start":{"line":53,"column":18},"end":{"line":55,"column":null}},"type":"if","locations":[{"start":{"line":53,"column":18},"end":{"line":55,"column":null}},{"start":{},"end":{}}],"line":53},"12":{"loc":{"start":{"line":53,"column":22},"end":{"line":53,"column":72}},"type":"binary-expr","locations":[{"start":{"line":53,"column":22},"end":{"line":53,"column":28}},{"start":{"line":53,"column":32},"end":{"line":53,"column":72}}],"line":53},"13":{"loc":{"start":{"line":54,"column":68},"end":{"line":54,"column":89}},"type":"binary-expr","locations":[{"start":{"line":54,"column":68},"end":{"line":54,"column":72}},{"start":{"line":54,"column":76},"end":{"line":54,"column":89}}],"line":54},"14":{"loc":{"start":{"line":63,"column":15},"end":{"line":63,"column":43}},"type":"binary-expr","locations":[{"start":{"line":63,"column":15},"end":{"line":63,"column":22}},{"start":{"line":63,"column":26},"end":{"line":63,"column":43}}],"line":63},"15":{"loc":{"start":{"line":64,"column":18},"end":{"line":64,"column":31}},"type":"binary-expr","locations":[{"start":{"line":64,"column":18},"end":{"line":64,"column":25}},{"start":{"line":64,"column":29},"end":{"line":64,"column":31}}],"line":64},"16":{"loc":{"start":{"line":65,"column":25},"end":{"line":65,"column":46}},"type":"binary-expr","locations":[{"start":{"line":65,"column":25},"end":{"line":65,"column":41}},{"start":{"line":65,"column":45},"end":{"line":65,"column":46}}],"line":65},"17":{"loc":{"start":{"line":66,"column":58},"end":{"line":66,"column":80}},"type":"binary-expr","locations":[{"start":{"line":66,"column":58},"end":{"line":66,"column":75}},{"start":{"line":66,"column":79},"end":{"line":66,"column":80}}],"line":66},"18":{"loc":{"start":{"line":68,"column":22},"end":{"line":68,"column":99}},"type":"binary-expr","locations":[{"start":{"line":68,"column":22},"end":{"line":68,"column":73}},{"start":{"line":68,"column":77},"end":{"line":68,"column":99}}],"line":68},"19":{"loc":{"start":{"line":68,"column":78},"end":{"line":68,"column":98}},"type":"binary-expr","locations":[{"start":{"line":68,"column":78},"end":{"line":68,"column":92}},{"start":{"line":68,"column":96},"end":{"line":68,"column":98}}],"line":68},"20":{"loc":{"start":{"line":69,"column":17},"end":{"line":69,"column":32}},"type":"binary-expr","locations":[{"start":{"line":69,"column":17},"end":{"line":69,"column":26}},{"start":{"line":69,"column":30},"end":{"line":69,"column":32}}],"line":69},"21":{"loc":{"start":{"line":70,"column":27},"end":{"line":70,"column":null}},"type":"binary-expr","locations":[{"start":{"line":70,"column":27},"end":{"line":70,"column":47}},{"start":{"line":70,"column":51},"end":{"line":70,"column":null}}],"line":70}},"s":{"0":4,"1":4,"2":4,"3":4,"4":4,"5":4,"6":4,"7":1,"8":3,"9":3,"10":1,"11":1,"12":3,"13":2,"14":2,"15":1,"16":2,"17":2,"18":2,"19":1,"20":1,"21":2,"22":2,"23":0,"24":2,"25":2},"f":{"0":1,"1":1,"2":2,"3":2,"4":1,"5":2,"6":2,"7":2},"b":{"0":[4,3],"1":[4,4],"2":[4,4],"3":[4,0],"4":[4,4],"5":[1,3],"6":[3,0],"7":[1,1],"8":[2,0],"9":[2,0],"10":[1,1],"11":[0,2],"12":[2,2],"13":[0,0],"14":[2,0],"15":[2,1],"16":[2,1],"17":[2,1],"18":[2,1],"19":[1,1],"20":[2,1],"21":[2,1]},"meta":{"lastBranch":22,"lastFunction":8,"lastStatement":26,"seen":{"f:2:15:2:25":0,"s:3:56:3:62":0,"s:5:24:13:6":1,"b:6:13:6:18:6:22:6:24":0,"b:7:26:7:44:7:48:7:50":1,"b:8:12:8:16:8:20:8:22":2,"b:9:14:9:41:9:45:9:47":3,"b:12:14:12:20:12:24:12:Infinity":4,"s:15:32:15:69":2,"s:16:16:16:80":3,"s:18:4:35:Infinity":4,"s:19:18:24:8":5,"b:26:6:28:Infinity:undefined:undefined:undefined:undefined":5,"s:26:6:28:Infinity":6,"s:27:8:27:Infinity":7,"s:30:19:30:35":8,"s:31:6:31:Infinity":9,"b:31:35:31:47:31:51:31:53":6,"s:33:6:33:Infinity":10,"s:34:6:34:Infinity":11,"f:38:9:38:25":1,"s:39:4:72:Infinity":12,"f:39:23:39:24":2,"s:41:28:41:37":13,"b:43:6:47:Infinity:undefined:undefined:undefined:undefined":7,"s:43:6:47:Infinity":14,"s:44:8:46:Infinity":15,"f:44:38:44:39":3,"b:45:11:45:Infinity:undefined:undefined:undefined:undefined":8,"s:45:11:45:Infinity":16,"s:45:23:45:Infinity":17,"b:45:70:45:74:45:78:45:91":9,"b:49:6:59:Infinity:undefined:undefined:undefined:undefined":10,"s:49:6:59:Infinity":18,"s:50:9:58:Infinity":19,"f:50:40:50:44":4,"s:51:12:57:Infinity":20,"f:51:32:51:36":5,"s:52:15:56:Infinity":21,"f:52:41:52:42":6,"b:53:18:55:Infinity:undefined:undefined:undefined:undefined":11,"s:53:18:55:Infinity":22,"b:53:22:53:28:53:32:53:72":12,"s:54:21:54:Infinity":23,"b:54:68:54:72:54:76:54:89":13,"s:61:6:71:Infinity":24,"b:63:15:63:22:63:26:63:43":14,"b:64:18:64:25:64:29:64:31":15,"b:65:25:65:41:65:45:65:46":16,"b:66:58:66:75:66:79:66:80":17,"b:68:22:68:73:68:77:68:99":18,"f:68:61:68:62":7,"s:68:66:68:72":25,"b:68:78:68:92:68:96:68:98":19,"b:69:17:69:26:69:30:69:32":20,"b:70:27:70:47:70:51:70:Infinity":21}}}
}
